Using pre-set license
Built from '2020.2/release' branch; Version is '2020.2.2f1 (068178b99f32) revision 426360'; Using compiler version '192528614'; Build Type 'Release'
OS: 'Windows 10 Home; OS build 19041.746; Version 2004; 64bit' Language: 'en' Physical Memory: 16328 MB
BatchMode: 1, IsHumanControllingUs: 0, StartBugReporterOnCrash: 0, Is64bit: 1, IsPro: 0

 COMMAND LINE ARGUMENTS:
D:\Data Portal\C Program Files\Unity\Editor\2020.2.2f1\Editor\Unity.exe
-adb2
-batchMode
-noUpm
-name
AssetImportWorker1
-projectPath
G:/root/local-dir/voidjumper/gamedev.ggj21/Lost-and-Found
-logFile
Logs/AssetImportWorker1.log
-srvPort
49854
Successfully changed project path to: G:/root/local-dir/voidjumper/gamedev.ggj21/Lost-and-Found
G:/root/local-dir/voidjumper/gamedev.ggj21/Lost-and-Found
Using Asset Import Pipeline V2.
Refreshing native plugins compatible for Editor in 154.49 ms, found 0 plugins.
Preloading 0 native plugins for Editor in 0.00 ms.
Initialize engine version: 2020.2.2f1 (068178b99f32)
[Subsystems] Discovering subsystems at path D:/Data Portal/C Program Files/Unity/Editor/2020.2.2f1/Editor/Data/Resources/UnitySubsystems
[Subsystems] Discovering subsystems at path G:/root/local-dir/voidjumper/gamedev.ggj21/Lost-and-Found/Assets
GfxDevice: creating device client; threaded=0
Direct3D:
    Version:  Direct3D 11.0 [level 11.1]
    Renderer: NVIDIA GeForce GTX 1070 Ti (ID=0x1b82)
    Vendor:   
    VRAM:     8079 MB
    Driver:   27.21.14.6079
Initialize mono
Mono path[0] = 'D:/Data Portal/C Program Files/Unity/Editor/2020.2.2f1/Editor/Data/Managed'
Mono path[1] = 'D:/Data Portal/C Program Files/Unity/Editor/2020.2.2f1/Editor/Data/MonoBleedingEdge/lib/mono/unityjit'
Mono config path = 'D:/Data Portal/C Program Files/Unity/Editor/2020.2.2f1/Editor/Data/MonoBleedingEdge/etc'
Using monoOptions --debugger-agent=transport=dt_socket,embedding=1,server=y,suspend=n,address=127.0.0.1:56872
Begin MonoManager ReloadAssembly
Registering precompiled unity dll's ...
Register platform support module: D:/Data Portal/C Program Files/Unity/Editor/2020.2.2f1/Editor/Data/PlaybackEngines/WebGLSupport/UnityEditor.WebGL.Extensions.dll
Register platform support module: D:/Data Portal/C Program Files/Unity/Editor/2020.2.2f1/Editor/Data/PlaybackEngines/WindowsStandaloneSupport/UnityEditor.WindowsStandalone.Extensions.dll
Registered in 0.002141 seconds.
Native extension for WindowsStandalone target not found
Native extension for WebGL target not found
Refreshing native plugins compatible for Editor in 109.26 ms, found 0 plugins.
Preloading 0 native plugins for Editor in 0.00 ms.
Invoked RoslynAnalysisRunner static constructor.
RoslynAnalysisRunner will not be running.
RoslynAnalysisRunner has terminated.
Mono: successfully reloaded assembly
- Completed reload, in  2.336 seconds
Platform modules already initialized, skipping
Registering precompiled user dll's ...
Registered in 0.001752 seconds.
Begin MonoManager ReloadAssembly
Native extension for WindowsStandalone target not found
Native extension for WebGL target not found
Refreshing native plugins compatible for Editor in 105.92 ms, found 0 plugins.
Preloading 0 native plugins for Editor in 0.00 ms.
Invoked RoslynAnalysisRunner static constructor.
RoslynAnalysisRunner will not be running.
RoslynAnalysisRunner has terminated.
Mono: successfully reloaded assembly
- Completed reload, in  3.690 seconds
Platform modules already initialized, skipping
========================================================================
Worker process is ready to serve import requests
Launched and connected shader compiler UnityShaderCompiler.exe after 0.10 seconds
Refreshing native plugins compatible for Editor in 1.39 ms, found 0 plugins.
Preloading 0 native plugins for Editor in 0.00 ms.
Unloading 3485 Unused Serialized files (Serialized files now loaded: 0)
System memory in use before: 169.4 MB.
System memory in use after: 166.8 MB.

Unloading 44 unused Assets to reduce memory usage. Loaded Objects now: 3910.
Total: 7.929200 ms (FindLiveObjects: 1.013300 ms CreateObjectMapping: 0.177100 ms MarkObjects: 4.364900 ms  DeleteObjects: 2.371900 ms)

========================================================================
Received Import Request.
  path: Assets/VFXDefaultResources.asset
  artifactKey: Guid(145290c901d58b343bdeb3b4362c9ff2) Importer(815301076,1909f56bfc062723c751e8b465ee728b)
Start importing Assets/VFXDefaultResources.asset using Guid(145290c901d58b343bdeb3b4362c9ff2) Importer(815301076,1909f56bfc062723c751e8b465ee728b)  -> (artifact id: 'b20169d9f8de95661bd2fb41614d58b0') in 0.106323 seconds
  Import took 0.113567 seconds .

========================================================================
Received Import Request.
  Time since last request: 0.000177 seconds.
  path: Assets
  artifactKey: Guid(00000000000000001000000000000000) Importer(815301076,1909f56bfc062723c751e8b465ee728b)
Start importing Assets using Guid(00000000000000001000000000000000) Importer(815301076,1909f56bfc062723c751e8b465ee728b)  -> (artifact id: '4a6e520b92ccfc61bcfa21a7bcab8468') in 0.011329 seconds
  Import took 0.017557 seconds .

========================================================================
Received Import Request.
  Time since last request: 0.000224 seconds.
  path: Assets/Imports/BreoganFirstPerson
  artifactKey: Guid(67c0ebd41e01f7346b29ddb9e813340f) Importer(815301076,1909f56bfc062723c751e8b465ee728b)
Start importing Assets/Imports/BreoganFirstPerson using Guid(67c0ebd41e01f7346b29ddb9e813340f) Importer(815301076,1909f56bfc062723c751e8b465ee728b)  -> (artifact id: 'c1b7eb98d70e1f288cd2a730b8b5e325') in 0.010348 seconds
  Import took 0.018126 seconds .

========================================================================
Received Import Request.
  Time since last request: 0.000511 seconds.
  path: Assets/Readme.asset
  artifactKey: Guid(83c2ed844a8c74b779a4c823d16594b1) Importer(815301076,1909f56bfc062723c751e8b465ee728b)
Start importing Assets/Readme.asset using Guid(83c2ed844a8c74b779a4c823d16594b1) Importer(815301076,1909f56bfc062723c751e8b465ee728b)  -> (artifact id: '221f404a6ec112ba2ca5bf94899dcf83') in 0.030713 seconds
  Import took 0.040755 seconds .

========================================================================
Received Import Request.
  Time since last request: 0.646908 seconds.
  path: Assets/Imports/BreoganFirstPerson/Code
  artifactKey: Guid(0cbb03c7879ff644bb750cca07622ffa) Importer(815301076,1909f56bfc062723c751e8b465ee728b)
Start importing Assets/Imports/BreoganFirstPerson/Code using Guid(0cbb03c7879ff644bb750cca07622ffa) Importer(815301076,1909f56bfc062723c751e8b465ee728b)  -> (artifact id: 'a35f9ea1cf7c6e7acf5145cb6ccb7b38') in 0.014460 seconds
  Import took 0.022603 seconds .

========================================================================
Received Import Request.
  Time since last request: 0.009374 seconds.
  path: Assets/Imports/BreoganFirstPerson/Code
  artifactKey: Guid(0cbb03c7879ff644bb750cca07622ffa) Importer(815301076,1909f56bfc062723c751e8b465ee728b)
Start importing Assets/Imports/BreoganFirstPerson/Code using Guid(0cbb03c7879ff644bb750cca07622ffa) Importer(815301076,1909f56bfc062723c751e8b465ee728b)  -> (artifact id: 'a35f9ea1cf7c6e7acf5145cb6ccb7b38') in 0.003083 seconds
  Import took 0.010504 seconds .

========================================================================
Received Import Request.
  Time since last request: 1.449471 seconds.
  path: Assets/Imports/BreoganFirstPerson/Code/Player
  artifactKey: Guid(c83b4fde84eb91d409f8d7df95f1f2ca) Importer(815301076,1909f56bfc062723c751e8b465ee728b)
Start importing Assets/Imports/BreoganFirstPerson/Code/Player using Guid(c83b4fde84eb91d409f8d7df95f1f2ca) Importer(815301076,1909f56bfc062723c751e8b465ee728b)  -> (artifact id: 'f7cdc6b2afef2734ef8b2f5d9093a1ab') in 0.007832 seconds
  Import took 0.013971 seconds .

========================================================================
Received Import Request.
  Time since last request: 1.447683 seconds.
  path: Assets/Imports/BreoganFirstPerson/Code/Player/FPSController.cs
  artifactKey: Guid(346263cb502d6294f8780863a6301738) Importer(815301076,1909f56bfc062723c751e8b465ee728b)
Start importing Assets/Imports/BreoganFirstPerson/Code/Player/FPSController.cs using Guid(346263cb502d6294f8780863a6301738) Importer(815301076,1909f56bfc062723c751e8b465ee728b)  -> (artifact id: '792ae772470a5f1602f5593e1e21ec2f') in 0.016742 seconds
  Import took 0.031176 seconds .

========================================================================
Received Import Request.
  Time since last request: 0.050394 seconds.
  path: Assets/Imports/BreoganFirstPerson/Code/Player/FPSController.cs
  artifactKey: Guid(346263cb502d6294f8780863a6301738) Importer(815301076,1909f56bfc062723c751e8b465ee728b)
Start importing Assets/Imports/BreoganFirstPerson/Code/Player/FPSController.cs using Guid(346263cb502d6294f8780863a6301738) Importer(815301076,1909f56bfc062723c751e8b465ee728b)  -> (artifact id: '792ae772470a5f1602f5593e1e21ec2f') in 0.003582 seconds
  Import took 0.010857 seconds .

========================================================================
Received Import Request.
  Time since last request: 0.292445 seconds.
  path: Assets/Imports/BreoganFirstPerson/Code/Player/TFPData.cs
  artifactKey: Guid(0287c39106bcc7346abd2f0496f6644b) Importer(815301076,1909f56bfc062723c751e8b465ee728b)
Start importing Assets/Imports/BreoganFirstPerson/Code/Player/TFPData.cs using Guid(0287c39106bcc7346abd2f0496f6644b) Importer(815301076,1909f56bfc062723c751e8b465ee728b)  -> (artifact id: '5e8163b383b1e422400f1637ff2b85bc') in 0.011983 seconds
  Import took 0.018273 seconds .

========================================================================
Received Import Request.
  Time since last request: 2.408212 seconds.
  path: Assets/Imports/BreoganFirstPerson/Code/Helper
  artifactKey: Guid(937d4c7fbbc268a4e8c1926f05f7200a) Importer(815301076,1909f56bfc062723c751e8b465ee728b)
Start importing Assets/Imports/BreoganFirstPerson/Code/Helper using Guid(937d4c7fbbc268a4e8c1926f05f7200a) Importer(815301076,1909f56bfc062723c751e8b465ee728b)  -> (artifact id: 'b307c5cb63c236cbbe13466244008b93') in 0.007572 seconds
  Import took 0.016480 seconds .

========================================================================
Received Import Request.
  Time since last request: 2.305504 seconds.
  path: Assets/Imports/BreoganFirstPerson/Code/ExampleExtensions
  artifactKey: Guid(f759ad510f5fa3e40adfa456b10bb49f) Importer(815301076,1909f56bfc062723c751e8b465ee728b)
Start importing Assets/Imports/BreoganFirstPerson/Code/ExampleExtensions using Guid(f759ad510f5fa3e40adfa456b10bb49f) Importer(815301076,1909f56bfc062723c751e8b465ee728b)  -> (artifact id: '48de395f5c432431426d8473e9c75e26') in 0.008935 seconds
  Import took 0.031476 seconds .

========================================================================
Received Import Request.
  Time since last request: 21.145690 seconds.
  path: Assets/Imports/BreoganFirstPerson/Prefabs
  artifactKey: Guid(985f77a0025a82d43b49b00d3b50f7c0) Importer(815301076,1909f56bfc062723c751e8b465ee728b)
Start importing Assets/Imports/BreoganFirstPerson/Prefabs using Guid(985f77a0025a82d43b49b00d3b50f7c0) Importer(815301076,1909f56bfc062723c751e8b465ee728b)  -> (artifact id: 'c0aec10c46eaa3c4f514d4f6c50e76e7') in 0.011433 seconds
  Import took 0.019420 seconds .

========================================================================
Received Import Request.
  Time since last request: 0.044124 seconds.
  path: Assets/Imports/BreoganFirstPerson/Prefabs/FootstepsPlayer.prefab
  artifactKey: Guid(5ae5ccd8d1c0b59459a598c6f18817a4) Importer(815301076,1909f56bfc062723c751e8b465ee728b)
Start importing Assets/Imports/BreoganFirstPerson/Prefabs/FootstepsPlayer.prefab using Guid(5ae5ccd8d1c0b59459a598c6f18817a4) Importer(815301076,1909f56bfc062723c751e8b465ee728b)  -> (artifact id: '59fb8b45c2bb4f86e6ad78d84ce09f39') in 0.032668 seconds
  Import took 0.038592 seconds .

========================================================================
Received Import Request.
  Time since last request: 0.000242 seconds.
  path: Assets/Imports/BreoganFirstPerson/Prefabs/Player.prefab
  artifactKey: Guid(e90e45ff6cb98a84fb1d909c284ce4f0) Importer(815301076,1909f56bfc062723c751e8b465ee728b)
Start importing Assets/Imports/BreoganFirstPerson/Prefabs/Player.prefab using Guid(e90e45ff6cb98a84fb1d909c284ce4f0) Importer(815301076,1909f56bfc062723c751e8b465ee728b)  -> (artifact id: '7f98c85cf55988d16b14d6d233b0fa5d') in 0.007498 seconds
  Import took 0.014484 seconds .

========================================================================
Received Import Request.
  Time since last request: 0.000376 seconds.
  path: Assets/Imports/BreoganFirstPerson/Prefabs/Third Person.prefab
  artifactKey: Guid(615ab85f20ab38947993ab1e1164e254) Importer(815301076,1909f56bfc062723c751e8b465ee728b)
Start importing Assets/Imports/BreoganFirstPerson/Prefabs/Third Person.prefab using Guid(615ab85f20ab38947993ab1e1164e254) Importer(815301076,1909f56bfc062723c751e8b465ee728b)  -> (artifact id: '0d99c2030845f30354a3542d65b5e19d') in 2.811698 seconds
  Import took 2.829340 seconds .

========================================================================
Received Import Request.
  Time since last request: 0.000798 seconds.
  path: Assets/Imports/BreoganFirstPerson/Prefabs/JetpackPlayer.prefab
  artifactKey: Guid(7e16467499665554b8d7ef40344d0c52) Importer(815301076,1909f56bfc062723c751e8b465ee728b)
Start importing Assets/Imports/BreoganFirstPerson/Prefabs/JetpackPlayer.prefab using Guid(7e16467499665554b8d7ef40344d0c52) Importer(815301076,1909f56bfc062723c751e8b465ee728b)  -> (artifact id: '289e933754eb42f8b1c9ada46dd4b3af') in 0.024211 seconds
  Import took 0.036004 seconds .

========================================================================
Received Prepare
Registering precompiled user dll's ...
Registered in 0.003115 seconds.
Begin MonoManager ReloadAssembly
Native extension for WindowsStandalone target not found
Native extension for WebGL target not found
Refreshing native plugins compatible for Editor in 0.79 ms, found 0 plugins.
Preloading 0 native plugins for Editor in 0.00 ms.
Invoked RoslynAnalysisRunner static constructor.
RoslynAnalysisRunner will not be running.
RoslynAnalysisRunner has terminated.
Mono: successfully reloaded assembly
- Completed reload, in  1.511 seconds
Platform modules already initialized, skipping
Refreshing native plugins compatible for Editor in 1.82 ms, found 0 plugins.
Preloading 0 native plugins for Editor in 0.00 ms.
Unloading 3249 Unused Serialized files (Serialized files now loaded: 0)
System memory in use before: 171.2 MB.
System memory in use after: 169.0 MB.

Unloading 36 unused Assets to reduce memory usage. Loaded Objects now: 4057.
Total: 5.023300 ms (FindLiveObjects: 0.378000 ms CreateObjectMapping: 0.095600 ms MarkObjects: 2.557500 ms  DeleteObjects: 1.990600 ms)

========================================================================
Received Prepare
Registering precompiled user dll's ...
Registered in 0.002294 seconds.
Begin MonoManager ReloadAssembly
Native extension for WindowsStandalone target not found
Native extension for WebGL target not found
Refreshing native plugins compatible for Editor in 1.59 ms, found 0 plugins.
Preloading 0 native plugins for Editor in 0.00 ms.
Invoked RoslynAnalysisRunner static constructor.
RoslynAnalysisRunner will not be running.
RoslynAnalysisRunner has terminated.
Mono: successfully reloaded assembly
- Completed reload, in  1.425 seconds
Platform modules already initialized, skipping
Refreshing native plugins compatible for Editor in 1.03 ms, found 0 plugins.
Preloading 0 native plugins for Editor in 0.00 ms.
Unloading 3232 Unused Serialized files (Serialized files now loaded: 0)
System memory in use before: 170.4 MB.
System memory in use after: 168.2 MB.

Unloading 33 unused Assets to reduce memory usage. Loaded Objects now: 4059.
Total: 4.982500 ms (FindLiveObjects: 0.401200 ms CreateObjectMapping: 0.092900 ms MarkObjects: 2.392800 ms  DeleteObjects: 2.094200 ms)

========================================================================
Received Import Request.
  Time since last request: 418.625114 seconds.
  path: Assets/Models
  artifactKey: Guid(92d7552f8b65a2b469d6e91d447985fd) Importer(815301076,1909f56bfc062723c751e8b465ee728b)
Start importing Assets/Models using Guid(92d7552f8b65a2b469d6e91d447985fd) Importer(815301076,1909f56bfc062723c751e8b465ee728b)  -> (artifact id: '0e799ececc1e30bee9af261267a6455a') in 0.013650 seconds
  Import took 0.022344 seconds .

========================================================================
Received Import Request.
  Time since last request: 3.958642 seconds.
  path: Assets/Textures
  artifactKey: Guid(44302a708fcbd1e4b8c8df8f5ca044b8) Importer(815301076,1909f56bfc062723c751e8b465ee728b)
Start importing Assets/Textures using Guid(44302a708fcbd1e4b8c8df8f5ca044b8) Importer(815301076,1909f56bfc062723c751e8b465ee728b)  -> (artifact id: 'ff6d1f55691164189dfee541860a05d6') in 0.008380 seconds
  Import took 0.035845 seconds .

========================================================================
Received Import Request.
  Time since last request: 18.260502 seconds.
  path: Assets/Textures/Mattexs
  artifactKey: Guid(714ed4aee70f5a34090ab633da0d6039) Importer(815301076,1909f56bfc062723c751e8b465ee728b)
Start importing Assets/Textures/Mattexs using Guid(714ed4aee70f5a34090ab633da0d6039) Importer(815301076,1909f56bfc062723c751e8b465ee728b)  -> (artifact id: 'acfb312aaa81c015933f08e12a71dc1c') in 0.010612 seconds
  Import took 0.046335 seconds .

========================================================================
Received Import Request.
  Time since last request: 7.631497 seconds.
  path: Assets/Textures/2D and UI
  artifactKey: Guid(3222fd08e2c2dad4e998a20f58605e44) Importer(815301076,1909f56bfc062723c751e8b465ee728b)
Start importing Assets/Textures/2D and UI using Guid(3222fd08e2c2dad4e998a20f58605e44) Importer(815301076,1909f56bfc062723c751e8b465ee728b)  -> (artifact id: '63b9fcffb23dc926fc3f8364358a2426') in 0.011874 seconds
  Import took 0.020250 seconds .

========================================================================
Received Import Request.
  Time since last request: 39.119704 seconds.
  path: Assets/Audio
  artifactKey: Guid(c49f00fbe5287644a9cf827a33b4ffd3) Importer(815301076,1909f56bfc062723c751e8b465ee728b)
Start importing Assets/Audio using Guid(c49f00fbe5287644a9cf827a33b4ffd3) Importer(815301076,1909f56bfc062723c751e8b465ee728b)  -> (artifact id: 'b4a032a7f715b4ecc8d5f4b14c4f3aaf') in 0.008136 seconds
  Import took 0.016010 seconds .

========================================================================
Received Import Request.
  Time since last request: 7.120339 seconds.
  path: Assets/Audio/Music
  artifactKey: Guid(b6d0e275f5cecad40867f1979589f2eb) Importer(815301076,1909f56bfc062723c751e8b465ee728b)
Start importing Assets/Audio/Music using Guid(b6d0e275f5cecad40867f1979589f2eb) Importer(815301076,1909f56bfc062723c751e8b465ee728b)  -> (artifact id: '6ea8bb5a8f6f662ef7678c41b66e698f') in 0.007883 seconds
  Import took 0.022291 seconds .

========================================================================
Received Import Request.
  Time since last request: 5.445853 seconds.
  path: Assets/Audio/Sounds
  artifactKey: Guid(34a8347f04f77c748a09d7d58e893ceb) Importer(815301076,1909f56bfc062723c751e8b465ee728b)
Start importing Assets/Audio/Sounds using Guid(34a8347f04f77c748a09d7d58e893ceb) Importer(815301076,1909f56bfc062723c751e8b465ee728b)  -> (artifact id: 'd744983ad89841069c1595d2a105196c') in 0.010862 seconds
  Import took 0.018029 seconds .

========================================================================
Received Import Request.
  Time since last request: 36.394842 seconds.
  path: Assets/Prefabs
  artifactKey: Guid(a01ba29015d93504abb917de979f11f6) Importer(815301076,1909f56bfc062723c751e8b465ee728b)
Start importing Assets/Prefabs using Guid(a01ba29015d93504abb917de979f11f6) Importer(815301076,1909f56bfc062723c751e8b465ee728b)  -> (artifact id: '0140b2b7d1c468e2a9111bdb238e7e79') in 0.003328 seconds
  Import took 0.024935 seconds .

AssetImportWorkerClient::OnTransportError - code=2 error=End of file
